<?xml version="1.0" encoding="UTF-8"?>
<!-- Generated by org.testng.reporters.JUnitReportReporter -->
<testsuite hostname="DESKTOP-TEPTGH9" failures="0" tests="1" name="RunnerClass_one.PAymentGateway_cardnumber_blank_1_BTC" time="43.224" errors="0" timestamp="2022-11-07T15:41:47 IST" skipped="0">
  <testcase classname="RunnerClass_one.PAymentGateway_cardnumber_blank_1_BTC" name="cardnumber_error_message" time="43.224"/>
  <system-out>
    <![CDATA[Pass-Check in Card number, mandatory field is marked with a red asterisk symbol.]]>
  </system-out>
</testsuite> <!-- RunnerClass_one.PAymentGateway_cardnumber_blank_1_BTC -->
