<?xml version="1.0" encoding="UTF-8"?>
<!-- Generated by org.testng.reporters.JUnitReportReporter -->
<testsuite hostname="DESKTOP-TEPTGH9" failures="0" tests="1" name="RunnerClass_one.Tranfer_window_wrong_adress_error_message_show_LTC" time="35.768" errors="0" timestamp="2022-11-08T17:14:40 IST" skipped="0">
  <testcase classname="RunnerClass_one.Tranfer_window_wrong_adress_error_message_show_LTC" name="failedpop" time="35.768"/>
  <system-out>
    <![CDATA[Enter BTC address on LTC address Field
Quick Transfer
failed pop is displayQuick Transfer
Passed- Verify that user should not able to enter LTC address in destination address field  of BTC transfer window( BTC).]]>
  </system-out>
</testsuite> <!-- RunnerClass_one.Tranfer_window_wrong_adress_error_message_show_LTC -->
